optseq2
$Id: optseq2.c,v 2.15 2009/05/26 18:13:45 greve Exp $
NoSearch  = 0
tSearch  = 0.1 hours
nKeep    = 4
PctUpdate  = 10.000000
nCB1Opt  = 0
seed     = 288386
Ntp  = 320
TR   = 1
TPreScan   = 2
PSD Window   = 0 16 1
nEvTypes = 4
EvNo    Label Duration nRepsNom
 1       Go_H  2.000   12
 2       Go_L  2.000   12
 3     Nogo_H  2.000   28
 4     Nogo_L  2.000   28
PctVarEvReps = 0
VarEvRepsPerCond = 0
PolyOrder = -1
tNullMax = 6
tNullMin = 0
AR1 = 0
No refractory penalty
Cost = eff
OutStem = RespOnsets
Summary File = RespOnsets.sum

Pct nSrch MinSrch Cost Eff Cb1Err VRFAvg VRFStd VRFMin VRFMax VRFRange nSince

BeginUpdateLog
 0       5     0.0   0.194017  0.194017  0.3315  14.1956  5.06837  8.8994  20.0003  11.1009 2620.41 0
 0      19     0.0   0.199936  0.199936  0.3170  14.6835  5.31347  8.52561  21.2781  12.7525 2453.81 0
 0      19     0.0   0.199936  0.199936  0.3170  14.6835  5.31347  8.52561  21.2781  12.7525 2453.81 0
 0      27     0.0   0.199936  0.199936  0.3170  14.6835  5.31347  8.52561  21.2781  12.7525 2453.81 1
 0      27     0.0   0.199936  0.199936  0.3170  14.6835  5.31347  8.52561  21.2781  12.7525 2453.81 0
 0      28     0.0   0.199936  0.199936  0.3170  14.6835  5.31347  8.52561  21.2781  12.7525 2453.81 0
 0      28     0.0   0.199936  0.199936  0.3170  14.6835  5.31347  8.52561  21.2781  12.7525 2453.81 0
 0      31     0.0   0.199936  0.199936  0.3170  14.6835  5.31347  8.52561  21.2781  12.7525 2453.81 1
 0      31     0.0   0.204432  0.204432  0.2946  14.7911  5.06876  9.22674  20.8429  11.6161 2235.61 0
 0      41     0.0   0.204432  0.204432  0.2946  14.7911  5.06876  9.22674  20.8429  11.6161 2235.61 3
 0      41     0.0   0.204432  0.204432  0.2946  14.7911  5.06876  9.22674  20.8429  11.6161 2235.61 0
 0      45     0.0   0.204432  0.204432  0.2946  14.7911  5.06876  9.22674  20.8429  11.6161 2235.61 3
 0      45     0.0   0.204432  0.204432  0.2946  14.7911  5.06876  9.22674  20.8429  11.6161 2235.61 0
 0      49     0.0   0.204432  0.204432  0.2946  14.7911  5.06876  9.22674  20.8429  11.6161 2235.61 2
 0      49     0.0   0.204432  0.204432  0.2946  14.7911  5.06876  9.22674  20.8429  11.6161 2235.61 0
 0      73     0.0   0.204432  0.204432  0.2946  14.7911  5.06876  9.22674  20.8429  11.6161 2235.61 6
 0      73     0.0   0.204432  0.204432  0.2946  14.7911  5.06876  9.22674  20.8429  11.6161 2235.61 0
 1      86     0.0   0.204432  0.204432  0.2946  14.7911  5.06876  9.22674  20.8429  11.6161 2235.61 3
 1      86     0.0   0.204432  0.204432  0.2946  14.7911  5.06876  9.22674  20.8429  11.6161 2235.61 0
 1      89     0.0   0.204432  0.204432  0.2946  14.7911  5.06876  9.22674  20.8429  11.6161 2235.61 0
 1      89     0.0   0.204432  0.204432  0.2946  14.7911  5.06876  9.22674  20.8429  11.6161 2235.61 0
 1     129     0.1   0.204432  0.204432  0.2946  14.7911  5.06876  9.22674  20.8429  11.6161 2235.61 9
 1     129     0.1   0.204432  0.204432  0.2946  14.7911  5.06876  9.22674  20.8429  11.6161 2235.61 0
 1     153     0.1   0.204432  0.204432  0.2946  14.7911  5.06876  9.22674  20.8429  11.6161 2235.61 8
 1     153     0.1   0.204432  0.204432  0.2946  14.7911  5.06876  9.22674  20.8429  11.6161 2235.61 0
 1     165     0.1   0.204432  0.204432  0.2946  14.7911  5.06876  9.22674  20.8429  11.6161 2235.61 3
 1     165     0.1   0.204432  0.204432  0.2946  14.7911  5.06876  9.22674  20.8429  11.6161 2235.61 0
 1     216     0.1   0.204432  0.204432  0.2946  14.7911  5.06876  9.22674  20.8429  11.6161 2235.61 17
 1     216     0.1   0.204432  0.204432  0.2946  14.7911  5.06876  9.22674  20.8429  11.6161 2235.61 0
 1     246     0.1   0.204432  0.204432  0.2946  14.7911  5.06876  9.22674  20.8429  11.6161 2235.61 9
 1     246     0.1   0.204519  0.204519  0.3326  14.822  5.11502  9.40908  20.9519  11.5428 2457.82 0
 3     488     0.2   0.204519  0.204519  0.3326  14.822  5.11502  9.40908  20.9519  11.5428 2457.82 62
 3     488     0.2   0.204519  0.204519  0.3326  14.822  5.11502  9.40908  20.9519  11.5428 2457.82 0
 4     543     0.2   0.204519  0.204519  0.3326  14.822  5.11502  9.40908  20.9519  11.5428 2457.82 18
 4     543     0.2   0.205616  0.205616  0.4463  15.0976  5.4463  8.93782  21.2652  12.3274 2146.21 0
 4     589     0.2   0.205616  0.205616  0.4463  15.0976  5.4463  8.93782  21.2652  12.3274 2146.21 11
 4     589     0.2   0.206772  0.206772  0.1875  14.9473  5.12154  9.40186  21.3185  11.9166 2513.02 0
 5     709     0.3   0.206772  0.206772  0.1875  14.9473  5.12154  9.40186  21.3185  11.9166 2513.02 37
 5     709     0.3   0.206842  0.206842  0.1952  15.2261  5.56345  8.99042  22.3199  13.3295 2443.41 0
 8    1125     0.4   0.206842  0.206842  0.1952  15.2261  5.56345  8.99042  22.3199  13.3295 2443.41 112
 8    1125     0.4   0.206842  0.206842  0.1952  15.2261  5.56345  8.99042  22.3199  13.3295 2443.41 0
10    1532     0.6   0.206842  0.206842  0.1952  15.2261  5.56345  8.99042  22.3199  13.3295 2443.41 122
16    2444     1.0   0.206842  0.206842  0.1952  15.2261  5.56345  8.99042  22.3199  13.3295 2443.41 381
16    2444     1.0   0.207092  0.207092  0.3936  15.1627  5.41394  9.00931  21.5716  12.5623 2422.61 0
21    3064     1.2   0.207092  0.207092  0.3936  15.1627  5.41394  9.00931  21.5716  12.5623 2422.61 172
23    3483     1.4   0.207092  0.207092  0.3936  15.1627  5.41394  9.00931  21.5716  12.5623 2422.61 284
23    3483     1.4   0.207092  0.207092  0.3936  15.1627  5.41394  9.00931  21.5716  12.5623 2422.61 0
23    3509     1.4   0.207092  0.207092  0.3936  15.1627  5.41394  9.00931  21.5716  12.5623 2422.61 7
23    3509     1.4   0.208942  0.208942  0.3332  15.3186  5.50091  8.81804  21.3603  12.5422 2406.01 0
27    4019     1.6   0.208942  0.208942  0.3332  15.3186  5.50091  8.81804  21.3603  12.5422 2406.01 137
27    4019     1.6   0.208942  0.208942  0.3332  15.3186  5.50091  8.81804  21.3603  12.5422 2406.01 0
28    4157     1.7   0.208942  0.208942  0.3332  15.3186  5.50091  8.81804  21.3603  12.5422 2406.01 34
28    4157     1.7   0.208942  0.208942  0.3332  15.3186  5.50091  8.81804  21.3603  12.5422 2406.01 0
28    4267     1.7   0.208942  0.208942  0.3332  15.3186  5.50091  8.81804  21.3603  12.5422 2406.01 27
28    4267     1.7   0.208969  0.208969  0.2958  15.387  5.6015  9.12143  21.7156  12.5942 2795.02 0
31    4607     1.9   0.208969  0.208969  0.2958  15.387  5.6015  9.12143  21.7156  12.5942 2795.02 92
32    4739     1.9   0.208969  0.208969  0.2958  15.387  5.6015  9.12143  21.7156  12.5942 2795.02 120
32    4739     1.9   0.208969  0.208969  0.2958  15.387  5.6015  9.12143  21.7156  12.5942 2795.02 0
41    6103     2.5   0.208969  0.208969  0.2958  15.387  5.6015  9.12143  21.7156  12.5942 2795.02 374
51    7614     3.1   0.208969  0.208969  0.2958  15.387  5.6015  9.12143  21.7156  12.5942 2795.02 799
56    8233     3.3   0.208969  0.208969  0.2958  15.387  5.6015  9.12143  21.7156  12.5942 2795.02 955
56    8233     3.3   0.210158  0.210158  0.2462  15.4007  5.54488  9.63064  22.5719  12.9413 2153.41 0
62    9072     3.7   0.210158  0.210158  0.2462  15.4007  5.54488  9.63064  22.5719  12.9413 2153.41 229
72   10570     4.3   0.210158  0.210158  0.2462  15.4007  5.54488  9.63064  22.5719  12.9413 2153.41 650
82   11981     4.9   0.210158  0.210158  0.2462  15.4007  5.54488  9.63064  22.5719  12.9413 2153.41 1032
92   13557     5.6   0.210158  0.210158  0.2462  15.4007  5.54488  9.63064  22.5719  12.9413 2153.41 1493
94   13726     5.6   0.210158  0.210158  0.2462  15.4007  5.54488  9.63064  22.5719  12.9413 2153.41 1549
94   13726     5.6   0.210158  0.210158  0.2462  15.4007  5.54488  9.63064  22.5719  12.9413 2153.41 0
100   14633     6.0   0.210158  0.210158  0.2462  15.4007  5.54488  9.63064  22.5719  12.9413 2153.41 242
EndUpdateLog

Done
